# JRE version: Java(TM) SE Runtime Environment (8.0_271-b09) (build 1.8.0_271-b09)
# Java VM: Java HotSpot(TM) 64-Bit Server VM (25.271-b09 mixed mode linux-amd64 compressed oops)
Heap:
 def new generation   total 29952K, used 0K [0x00000000f0a00000, 0x00000000f2a70000, 0x00000000f5c00000)
  eden space 26688K,   0% used [0x00000000f0a00000, 0x00000000f0a00000, 0x00000000f2410000)
  from space 3264K,   0% used [0x00000000f2410000, 0x00000000f2410000, 0x00000000f2740000)
  to   space 3264K,   0% used [0x00000000f2740000, 0x00000000f2740000, 0x00000000f2a70000)
 tenured generation   total 69964K, used 67674K [0x00000000f5c00000, 0x00000000fa053000, 0x0000000100000000)
   the space 69964K,  96% used [0x00000000f5c00000, 0x00000000f9e16b98, 0x00000000f9e16c00, 0x00000000fa053000)
 Metaspace       used 87828K, capacity 93336K, committed 93360K, reserved 1130496K
  class space    used 10817K, capacity 11679K, committed 11696K, reserved 1048576K
GC Heap History (10 events):
Event: 38.874 GC heap after
Heap after GC invocations=313 (full 9):
 def new generation   total 29952K, used 2010K [0x00000000f0a00000, 0x00000000f2a70000, 0x00000000f5c00000)
  eden space 26688K,   0% used [0x00000000f0a00000, 0x00000000f0a00000, 0x00000000f2410000)
  from space 3264K,  61% used [0x00000000f2740000, 0x00000000f2936a00, 0x00000000f2a70000)
  to   space 3264K,   0% used [0x00000000f2410000, 0x00000000f2410000, 0x00000000f2740000)
 tenured generation   total 66316K, used 51706K [0x00000000f5c00000, 0x00000000f9cc3000, 0x0000000100000000)
   the space 66316K,  77% used [0x00000000f5c00000, 0x00000000f8e7ea70, 0x00000000f8e7ec00, 0x00000000f9cc3000)
 Metaspace       used 86959K, capacity 92296K, committed 92464K, reserved 1130496K
  class space    used 10686K, capacity 11551K, committed 11568K, reserved 1048576K
}
Event: 39.256 GC heap before
{Heap before GC invocations=313 (full 9):
 def new generation   total 29952K, used 28698K [0x00000000f0a00000, 0x00000000f2a70000, 0x00000000f5c00000)
  eden space 26688K, 100% used [0x00000000f0a00000, 0x00000000f2410000, 0x00000000f2410000)
  from space 3264K,  61% used [0x00000000f2740000, 0x00000000f2936a00, 0x00000000f2a70000)
  to   space 3264K,   0% used [0x00000000f2410000, 0x00000000f2410000, 0x00000000f2740000)
 tenured generation   total 66316K, used 51706K [0x00000000f5c00000, 0x00000000f9cc3000, 0x0000000100000000)
   the space 66316K,  77% used [0x00000000f5c00000, 0x00000000f8e7ea70, 0x00000000f8e7ec00, 0x00000000f9cc3000)
 Metaspace       used 87509K, capacity 92978K, committed 93104K, reserved 1130496K
  class space    used 10777K, capacity 11658K, committed 11696K, reserved 1048576K
Event: 39.279 GC heap after
Heap after GC invocations=314 (full 9):
 def new generation   total 29952K, used 2548K [0x00000000f0a00000, 0x00000000f2a70000, 0x00000000f5c00000)
  eden space 26688K,   0% used [0x00000000f0a00000, 0x00000000f0a00000, 0x00000000f2410000)
  from space 3264K,  78% used [0x00000000f2410000, 0x00000000f268d080, 0x00000000f2740000)
  to   space 3264K,   0% used [0x00000000f2740000, 0x00000000f2740000, 0x00000000f2a70000)
 tenured generation   total 66316K, used 52444K [0x00000000f5c00000, 0x00000000f9cc3000, 0x0000000100000000)
   the space 66316K,  79% used [0x00000000f5c00000, 0x00000000f8f371e0, 0x00000000f8f37200, 0x00000000f9cc3000)
 Metaspace       used 87509K, capacity 92978K, committed 93104K, reserved 1130496K
  class space    used 10777K, capacity 11658K, committed 11696K, reserved 1048576K
}
Event: 39.514 GC heap before
{Heap before GC invocations=314 (full 9):
 def new generation   total 29952K, used 29236K [0x00000000f0a00000, 0x00000000f2a70000, 0x00000000f5c00000)
  eden space 26688K, 100% used [0x00000000f0a00000, 0x00000000f2410000, 0x00000000f2410000)
  from space 3264K,  78% used [0x00000000f2410000, 0x00000000f268d080, 0x00000000f2740000)
  to   space 3264K,   0% used [0x00000000f2740000, 0x00000000f2740000, 0x00000000f2a70000)
 tenured generation   total 66316K, used 52444K [0x00000000f5c00000, 0x00000000f9cc3000, 0x0000000100000000)
   the space 66316K,  79% used [0x00000000f5c00000, 0x00000000f8f371e0, 0x00000000f8f37200, 0x00000000f9cc3000)
 Metaspace       used 87797K, capacity 93300K, committed 93360K, reserved 1130496K
  class space    used 10813K, capacity 11673K, committed 11696K, reserved 1048576K
Event: 39.538 GC heap after
Heap after GC invocations=315 (full 9):
 def new generation   total 29952K, used 2116K [0x00000000f0a00000, 0x00000000f2a70000, 0x00000000f5c00000)
  eden space 26688K,   0% used [0x00000000f0a00000, 0x00000000f0a00000, 0x00000000f2410000)
  from space 3264K,  64% used [0x00000000f2740000, 0x00000000f29511a8, 0x00000000f2a70000)
  to   space 3264K,   0% used [0x00000000f2410000, 0x00000000f2410000, 0x00000000f2740000)
 tenured generation   total 66316K, used 53618K [0x00000000f5c00000, 0x00000000f9cc3000, 0x0000000100000000)
   the space 66316K,  80% used [0x00000000f5c00000, 0x00000000f905c8f8, 0x00000000f905ca00, 0x00000000f9cc3000)
 Metaspace       used 87797K, capacity 93300K, committed 93360K, reserved 1130496K
  class space    used 10813K, capacity 11673K, committed 11696K, reserved 1048576K
}
Event: 39.730 GC heap before
{Heap before GC invocations=315 (full 9):
 def new generation   total 29952K, used 28804K [0x00000000f0a00000, 0x00000000f2a70000, 0x00000000f5c00000)
  eden space 26688K, 100% used [0x00000000f0a00000, 0x00000000f2410000, 0x00000000f2410000)
  from space 3264K,  64% used [0x00000000f2740000, 0x00000000f29511a8, 0x00000000f2a70000)
  to   space 3264K,   0% used [0x00000000f2410000, 0x00000000f2410000, 0x00000000f2740000)
 tenured generation   total 66316K, used 53618K [0x00000000f5c00000, 0x00000000f9cc3000, 0x0000000100000000)
   the space 66316K,  80% used [0x00000000f5c00000, 0x00000000f905c8f8, 0x00000000f905ca00, 0x00000000f9cc3000)
 Metaspace       used 87827K, capacity 93336K, committed 93360K, reserved 1130496K
  class space    used 10817K, capacity 11679K, committed 11696K, reserved 1048576K
Event: 39.744 GC heap after
Heap after GC invocations=316 (full 9):
 def new generation   total 29952K, used 3263K [0x00000000f0a00000, 0x00000000f2a70000, 0x00000000f5c00000)
  eden space 26688K,   0% used [0x00000000f0a00000, 0x00000000f0a00000, 0x00000000f2410000)
  from space 3264K,  99% used [0x00000000f2410000, 0x00000000f273fff8, 0x00000000f2740000)
  to   space 3264K,   0% used [0x00000000f2740000, 0x00000000f2740000, 0x00000000f2a70000)
 tenured generation   total 66316K, used 55137K [0x00000000f5c00000, 0x00000000f9cc3000, 0x0000000100000000)
   the space 66316K,  83% used [0x00000000f5c00000, 0x00000000f91d8498, 0x00000000f91d8600, 0x00000000f9cc3000)
 Metaspace       used 87827K, capacity 93336K, committed 93360K, reserved 1130496K
  class space    used 10817K, capacity 11679K, committed 11696K, reserved 1048576K
}
Event: 39.820 GC heap before
{Heap before GC invocations=316 (full 9):
 def new generation   total 29952K, used 29951K [0x00000000f0a00000, 0x00000000f2a70000, 0x00000000f5c00000)
  eden space 26688K, 100% used [0x00000000f0a00000, 0x00000000f2410000, 0x00000000f2410000)
  from space 3264K,  99% used [0x00000000f2410000, 0x00000000f273fff8, 0x00000000f2740000)
  to   space 3264K,   0% used [0x00000000f2740000, 0x00000000f2740000, 0x00000000f2a70000)
 tenured generation   total 66316K, used 55137K [0x00000000f5c00000, 0x00000000f9cc3000, 0x0000000100000000)
   the space 66316K,  83% used [0x00000000f5c00000, 0x00000000f91d8498, 0x00000000f91d8600, 0x00000000f9cc3000)
 Metaspace       used 87828K, capacity 93336K, committed 93360K, reserved 1130496K
  class space    used 10817K, capacity 11679K, committed 11696K, reserved 1048576K
Event: 39.838 GC heap after
Heap after GC invocations=317 (full 9):
 def new generation   total 29952K, used 3264K [0x00000000f0a00000, 0x00000000f2a70000, 0x00000000f5c00000)
  eden space 26688K,   0% used [0x00000000f0a00000, 0x00000000f0a00000, 0x00000000f2410000)
  from space 3264K, 100% used [0x00000000f2740000, 0x00000000f2a70000, 0x00000000f2a70000)
  to   space 3264K,   0% used [0x00000000f2410000, 0x00000000f2410000, 0x00000000f2740000)
 tenured generation   total 66316K, used 61587K [0x00000000f5c00000, 0x00000000f9cc3000, 0x0000000100000000)
   the space 66316K,  92% used [0x00000000f5c00000, 0x00000000f9824ff0, 0x00000000f9825000, 0x00000000f9cc3000)
 Metaspace       used 87828K, capacity 93336K, committed 93360K, reserved 1130496K
  class space    used 10817K, capacity 11679K, committed 11696K, reserved 1048576K
}
Event: 39.934 GC heap before
{Heap before GC invocations=317 (full 9):
 def new generation   total 29952K, used 29952K [0x00000000f0a00000, 0x00000000f2a70000, 0x00000000f5c00000)
  eden space 26688K, 100% used [0x00000000f0a00000, 0x00000000f2410000, 0x00000000f2410000)
  from space 3264K, 100% used [0x00000000f2740000, 0x00000000f2a70000, 0x00000000f2a70000)
  to   space 3264K,   0% used [0x00000000f2410000, 0x00000000f2410000, 0x00000000f2740000)
 tenured generation   total 66316K, used 61587K [0x00000000f5c00000, 0x00000000f9cc3000, 0x0000000100000000)
   the space 66316K,  92% used [0x00000000f5c00000, 0x00000000f9824ff0, 0x00000000f9825000, 0x00000000f9cc3000)
 Metaspace       used 87828K, capacity 93336K, committed 93360K, reserved 1130496K
  class space    used 10817K, capacity 11679K, committed 11696K, reserved 1048576K

