<?xml version="1.0" encoding="UTF-8"?>
<testsuite xmlns:xsi="http://www.w3.org/2001/XMLSchema-instance" xsi:noNamespaceSchemaLocation="https://maven.apache.org/surefire/maven-surefire-plugin/xsd/surefire-test-report.xsd" name="org.springframework.samples.petclinic.owner.PetControllerTests" time="2.705" tests="6" errors="0" skipped="0" failures="0">
  <properties>
[...]
</properties>
  <testcase name="testProcessCreationFormSuccess" classname="org.springframework.samples.petclinic.owner.PetControllerTests" time="0.051"/>
  <testcase name="testProcessUpdateFormSuccess" classname="org.springframework.samples.petclinic.owner.PetControllerTests" time="0.026"/>
  <testcase name="testInitUpdateForm" classname="org.springframework.samples.petclinic.owner.PetControllerTests" time="0.18"/>
  <testcase name="testInitCreationForm" classname="org.springframework.samples.petclinic.owner.PetControllerTests" time="0.058"/>
  <testcase name="testProcessCreationFormHasErrors" classname="org.springframework.samples.petclinic.owner.PetControllerTests" time="0.054"/>
  <testcase name="testProcessUpdateFormHasErrors" classname="org.springframework.samples.petclinic.owner.PetControllerTests" time="0.057"/>
</testsuite>